c:\users\kieran\documents\nottingham trent university\year 2\software design and implementation\coursework\sdi coursework\sdi coursework\debug\sdi coursework.pch
c:\users\kieran\documents\nottingham trent university\year 2\software design and implementation\coursework\sdi coursework\sdi coursework\debug\vc120.pdb
c:\users\kieran\documents\nottingham trent university\year 2\software design and implementation\coursework\sdi coursework\sdi coursework\debug\vc120.idb
c:\users\kieran\documents\nottingham trent university\year 2\software design and implementation\coursework\sdi coursework\sdi coursework\debug\stdafx.obj
c:\users\kieran\documents\nottingham trent university\year 2\software design and implementation\coursework\sdi coursework\sdi coursework\debug\graphicscard.obj
c:\users\kieran\documents\nottingham trent university\year 2\software design and implementation\coursework\sdi coursework\sdi coursework\debug\item.obj
c:\users\kieran\documents\nottingham trent university\year 2\software design and implementation\coursework\sdi coursework\sdi coursework\debug\itemfactory.obj
c:\users\kieran\documents\nottingham trent university\year 2\software design and implementation\coursework\sdi coursework\sdi coursework\debug\memory.obj
c:\users\kieran\documents\nottingham trent university\year 2\software design and implementation\coursework\sdi coursework\sdi coursework\debug\motherboard.obj
c:\users\kieran\documents\nottingham trent university\year 2\software design and implementation\coursework\sdi coursework\sdi coursework\debug\parttimeemployee.obj
c:\users\kieran\documents\nottingham trent university\year 2\software design and implementation\coursework\sdi coursework\sdi coursework\debug\pc.obj
c:\users\kieran\documents\nottingham trent university\year 2\software design and implementation\coursework\sdi coursework\sdi coursework\debug\person.obj
c:\users\kieran\documents\nottingham trent university\year 2\software design and implementation\coursework\sdi coursework\sdi coursework\debug\powersupply.obj
c:\users\kieran\documents\nottingham trent university\year 2\software design and implementation\coursework\sdi coursework\sdi coursework\debug\processor.obj
c:\users\kieran\documents\nottingham trent university\year 2\software design and implementation\coursework\sdi coursework\sdi coursework\debug\regardcustomer.obj
c:\users\kieran\documents\nottingham trent university\year 2\software design and implementation\coursework\sdi coursework\sdi coursework\debug\regardemployees.obj
c:\users\kieran\documents\nottingham trent university\year 2\software design and implementation\coursework\sdi coursework\sdi coursework\debug\regarditem.obj
c:\users\kieran\documents\nottingham trent university\year 2\software design and implementation\coursework\sdi coursework\sdi coursework\debug\regardnetwealth.obj
c:\users\kieran\documents\nottingham trent university\year 2\software design and implementation\coursework\sdi coursework\sdi coursework\debug\sdi coursework.obj
c:\users\kieran\documents\nottingham trent university\year 2\software design and implementation\coursework\sdi coursework\sdi coursework\debug\storage.obj
c:\users\kieran\documents\nottingham trent university\year 2\software design and implementation\coursework\sdi coursework\sdi coursework\debug\systemmanager.obj
c:\users\kieran\documents\nottingham trent university\year 2\software design and implementation\coursework\sdi coursework\sdi coursework\debug\temporaryemployee.obj
c:\users\kieran\documents\nottingham trent university\year 2\software design and implementation\coursework\sdi coursework\sdi coursework\debug\tower.obj
c:\users\kieran\documents\nottingham trent university\year 2\software design and implementation\coursework\sdi coursework\sdi coursework\debug\view.obj
c:\users\kieran\documents\nottingham trent university\year 2\software design and implementation\coursework\sdi coursework\sdi coursework\debug\customer.obj
c:\users\kieran\documents\nottingham trent university\year 2\software design and implementation\coursework\sdi coursework\sdi coursework\debug\customerfactory.obj
c:\users\kieran\documents\nottingham trent university\year 2\software design and implementation\coursework\sdi coursework\sdi coursework\debug\employee.obj
c:\users\kieran\documents\nottingham trent university\year 2\software design and implementation\coursework\sdi coursework\sdi coursework\debug\employeefactory.obj
c:\users\kieran\documents\nottingham trent university\year 2\software design and implementation\coursework\sdi coursework\sdi coursework\debug\filemanager.obj
c:\users\kieran\documents\nottingham trent university\year 2\software design and implementation\coursework\sdi coursework\sdi coursework\debug\fulltimeemployee.obj
c:\users\kieran\documents\nottingham trent university\year 2\software design and implementation\coursework\sdi coursework\debug\sdi coursework.exe
c:\users\kieran\documents\nottingham trent university\year 2\software design and implementation\coursework\sdi coursework\debug\sdi coursework.pdb
c:\users\kieran\documents\nottingham trent university\year 2\software design and implementation\coursework\sdi coursework\sdi coursework\debug\sdi coursework.tlog\cl.command.1.tlog
c:\users\kieran\documents\nottingham trent university\year 2\software design and implementation\coursework\sdi coursework\sdi coursework\debug\sdi coursework.tlog\cl.read.1.tlog
c:\users\kieran\documents\nottingham trent university\year 2\software design and implementation\coursework\sdi coursework\sdi coursework\debug\sdi coursework.tlog\cl.write.1.tlog
c:\users\kieran\documents\nottingham trent university\year 2\software design and implementation\coursework\sdi coursework\sdi coursework\debug\sdi coursework.tlog\link.command.1.tlog
c:\users\kieran\documents\nottingham trent university\year 2\software design and implementation\coursework\sdi coursework\sdi coursework\debug\sdi coursework.tlog\link.read.1.tlog
c:\users\kieran\documents\nottingham trent university\year 2\software design and implementation\coursework\sdi coursework\sdi coursework\debug\sdi coursework.tlog\link.write.1.tlog
