Build started 19/04/2017 11:23:21.
     1>Project "C:\Users\Kieran\Documents\Nottingham Trent University\Year 2\Software Design and Implementation\Coursework\SDI Coursework\SDI Coursework\SDI Coursework.vcxproj" on node 2 (Build target(s)).
     1>ClCompile:
         C:\Program Files (x86)\Microsoft Visual Studio 12.0\VC\bin\CL.exe /c /ZI /nologo /W3 /WX- /sdl /Od /Oy- /D WIN32 /D _DEBUG /D _CONSOLE /D _LIB /D _UNICODE /D UNICODE /Gm /EHsc /RTC1 /MDd /GS /fp:precise /Zc:wchar_t /Zc:forScope /Yc"stdafx.h" /Fp"Debug\SDI Coursework.pch" /Fo"Debug\\" /Fd"Debug\vc120.pdb" /Gd /TP /analyze- /errorReport:prompt stdafx.cpp
         stdafx.cpp
         C:\Program Files (x86)\Microsoft Visual Studio 12.0\VC\bin\CL.exe /c /ZI /nologo /W3 /WX- /sdl /Od /Oy- /D WIN32 /D _DEBUG /D _CONSOLE /D _LIB /D _UNICODE /D UNICODE /Gm /EHsc /RTC1 /MDd /GS /fp:precise /Zc:wchar_t /Zc:forScope /Yu"stdafx.h" /Fp"Debug\SDI Coursework.pch" /Fo"Debug\\" /Fd"Debug\vc120.pdb" /Gd /TP /analyze- /errorReport:prompt Customer.cpp CustomerFactory.cpp Employee.cpp EmployeeFactory.cpp FullTimeEmployee.cpp GraphicsCard.cpp Item.cpp ItemFactory.cpp Memory.cpp Motherboard.cpp PartTimeEmployee.cpp Person.cpp PowerSupply.cpp Processor.cpp RegardCustomer.cpp RegardEmployees.cpp RegardItem.cpp "SDI Coursework.cpp" Storage.cpp TemporaryEmployee.cpp Tower.cpp
         Tower.cpp
         TemporaryEmployee.cpp
         Storage.cpp
         SDI Coursework.cpp
         RegardItem.cpp
         RegardEmployees.cpp
         RegardCustomer.cpp
         Processor.cpp
         PowerSupply.cpp
         Person.cpp
         PartTimeEmployee.cpp
         Motherboard.cpp
         Memory.cpp
         ItemFactory.cpp
         Item.cpp
         GraphicsCard.cpp
         FullTimeEmployee.cpp
         EmployeeFactory.cpp
         Employee.cpp
         CustomerFactory.cpp
         Generating Code...
         Compiling...
         Customer.cpp
         Generating Code...
       Link:
         C:\Program Files (x86)\Microsoft Visual Studio 12.0\VC\bin\link.exe /ERRORREPORT:PROMPT /OUT:"C:\Users\Kieran\Documents\Nottingham Trent University\Year 2\Software Design and Implementation\Coursework\SDI Coursework\Debug\SDI Coursework.exe" /INCREMENTAL /NOLOGO kernel32.lib user32.lib gdi32.lib winspool.lib comdlg32.lib advapi32.lib shell32.lib ole32.lib oleaut32.lib uuid.lib odbc32.lib odbccp32.lib /MANIFEST /MANIFESTUAC:"level='asInvoker' uiAccess='false'" /manifest:embed /DEBUG /PDB:"C:\Users\Kieran\Documents\Nottingham Trent University\Year 2\Software Design and Implementation\Coursework\SDI Coursework\Debug\SDI Coursework.pdb" /SUBSYSTEM:CONSOLE /TLBID:1 /DYNAMICBASE /NXCOMPAT /IMPLIB:"C:\Users\Kieran\Documents\Nottingham Trent University\Year 2\Software Design and Implementation\Coursework\SDI Coursework\Debug\SDI Coursework.lib" /MACHINE:X86 Debug\Customer.obj
         Debug\CustomerFactory.obj
         Debug\Employee.obj
         Debug\EmployeeFactory.obj
         Debug\FullTimeEmployee.obj
         Debug\GraphicsCard.obj
         Debug\Item.obj
         Debug\ItemFactory.obj
         Debug\Memory.obj
         Debug\Motherboard.obj
         Debug\PartTimeEmployee.obj
         Debug\Person.obj
         Debug\PowerSupply.obj
         Debug\Processor.obj
         Debug\RegardCustomer.obj
         Debug\RegardEmployees.obj
         Debug\RegardItem.obj
         "Debug\SDI Coursework.obj"
         Debug\stdafx.obj
         Debug\Storage.obj
         Debug\TemporaryEmployee.obj
         Debug\Tower.obj
         SDI Coursework.vcxproj -> C:\Users\Kieran\Documents\Nottingham Trent University\Year 2\Software Design and Implementation\Coursework\SDI Coursework\Debug\SDI Coursework.exe
     1>Done Building Project "C:\Users\Kieran\Documents\Nottingham Trent University\Year 2\Software Design and Implementation\Coursework\SDI Coursework\SDI Coursework\SDI Coursework.vcxproj" (Build target(s)).

Build succeeded.

Time Elapsed 00:00:07.33
